c:\users\fagun\source\repos\jogodaforca\jogodaforca\x64\debug\vc143.pdb
c:\users\fagun\source\repos\jogodaforca\jogodaforca\x64\debug\vc143.idb
c:\users\fagun\source\repos\jogodaforca\jogodaforca\x64\debug\sorteia_palavra.obj
c:\users\fagun\source\repos\jogodaforca\jogodaforca\x64\debug\nao_acertou.obj
c:\users\fagun\source\repos\jogodaforca\jogodaforca\x64\debug\letra_existe.obj
c:\users\fagun\source\repos\jogodaforca\jogodaforca\x64\debug\ler_arquivo.obj
c:\users\fagun\source\repos\jogodaforca\jogodaforca\x64\debug\imprime_palavra.obj
c:\users\fagun\source\repos\jogodaforca\jogodaforca\x64\debug\imprime_final.obj
c:\users\fagun\source\repos\jogodaforca\jogodaforca\x64\debug\imprime_erros.obj
c:\users\fagun\source\repos\jogodaforca\jogodaforca\x64\debug\forca.obj
c:\users\fagun\source\repos\jogodaforca\jogodaforca\x64\debug\captura_chutes.obj
c:\users\fagun\source\repos\jogodaforca\jogodaforca\x64\debug\adicionar_palavra.obj
c:\users\fagun\source\repos\jogodaforca\x64\debug\jogodaforca.exe
c:\users\fagun\source\repos\jogodaforca\x64\debug\jogodaforca.pdb
c:\users\fagun\source\repos\jogodaforca\jogodaforca\x64\debug\jogodaforca.ilk
c:\users\fagun\source\repos\jogodaforca\jogodaforca\x64\debug\jogodaforca.tlog\cl.command.1.tlog
c:\users\fagun\source\repos\jogodaforca\jogodaforca\x64\debug\jogodaforca.tlog\cl.items.tlog
c:\users\fagun\source\repos\jogodaforca\jogodaforca\x64\debug\jogodaforca.tlog\cl.read.1.tlog
c:\users\fagun\source\repos\jogodaforca\jogodaforca\x64\debug\jogodaforca.tlog\cl.write.1.tlog
c:\users\fagun\source\repos\jogodaforca\jogodaforca\x64\debug\jogodaforca.tlog\link.command.1.tlog
c:\users\fagun\source\repos\jogodaforca\jogodaforca\x64\debug\jogodaforca.tlog\link.read.1.tlog
c:\users\fagun\source\repos\jogodaforca\jogodaforca\x64\debug\jogodaforca.tlog\link.secondary.1.tlog
c:\users\fagun\source\repos\jogodaforca\jogodaforca\x64\debug\jogodaforca.tlog\link.write.1.tlog
